

scanning a new file... 
fun -> -1
identifier -> 70
: -> -1
identifier -> 35
, -> -1
identifier -> 193
, -> -1
identifier -> 104
rattle -> -1
identifier -> 29
is -> -1
constant -> 113
;; -> -1
if -> -1
identifier -> 35
> -> -1
constant -> 53
then -> -1
identifier -> 29
is -> -1
identifier -> 29
+ -> -1
constant -> 78
;; -> -1
if -> -1
identifier -> 193
> -> -1
constant -> 53
then -> -1
identifier -> 29
is -> -1
identifier -> 29
+ -> -1
constant -> 78
;; -> -1
if -> -1
identifier -> 104
> -> -1
constant -> 53
then -> -1
identifier -> 29
is -> -1
identifier -> 29
+ -> -1
constant -> 78
;; -> -1
identifier -> 177
identifier -> 29
;; -> -1
snake -> -1
identifier -> 43
is -> -1
constant -> 16
;; -> -1
identifier -> 64
is -> -1
constant -> 71
;; -> -1
identifier -> 135
is -> -1
constant -> 78
;; -> -1
identifier -> 39
is -> -1
identifier -> 70
: -> -1
identifier -> 43
, -> -1
identifier -> 64
, -> -1
identifier -> 135
;; -> -1
print -> -1
identifier -> 39
;; -> -1


scanning a new file... 
fun -> -1
identifier -> 74
: -> -1
identifier -> 35
, -> -1
identifier -> 193
, -> -1
identifier -> 104
, -> -1
identifier -> 129
rattle -> -1
identifier -> 177
identifier -> 35
+ -> -1
identifier -> 193
+ -> -1
identifier -> 104
+ -> -1
identifier -> 129
snake -> -1


scanning a new file... 
fun -> -1
identifier -> 169
: -> -1
identifier -> 35
, -> -1
identifier -> 193
, -> -1
identifier -> 104
, -> -1
identifier -> 39
rattle -> -1
identifier -> 104
is -> -1
identifier -> 104
- -> -1
identifier -> 39
;; -> -1
identifier -> 67
is -> -1
{ -> -1
identifier -> 193
* -> -1
* -> -1
constant -> 53
} -> -1
- -> -1
{ -> -1
constant -> 57
* -> -1
identifier -> 35
* -> -1
identifier -> 104
} -> -1
;; -> -1
identifier -> 12
is -> -1
{ -> -1
- -> -1
identifier -> 193
- -> -1
identifier -> 52
identifier -> 129
} -> -1
/ -> -1
{ -> -1
constant -> 53
* -> -1
identifier -> 35
} -> -1
;; -> -1
identifier -> 186
is -> -1
{ -> -1
- -> -1
identifier -> 193
+ -> -1
identifier -> 52
identifier -> 129
} -> -1
/ -> -1
{ -> -1
constant -> 53
* -> -1
identifier -> 35
} -> -1
;; -> -1
identifier -> 177
identifier -> 12
, -> -1
identifier -> 186
;; -> -1
snake -> -1
print -> -1
identifier -> 169
: -> -1
constant -> 78
, -> -1
constant -> 16
, -> -1
- -> -1
constant -> 78
, -> -1
constant -> 16
;; -> -1


scanning a new file... 
fun -> -1
identifier -> 177
: -> -1
identifier -> 43
, -> -1
identifier -> 64
rattle -> -1
identifier -> 43
> -> -1
identifier -> 64
?? -> -1
identifier -> 177
identifier -> 43
: -> -1
: -> -1
identifier -> 177
identifier -> 64
;; -> -1
snake -> -1
identifier -> 52
is -> -1
constant -> 89
;; -> -1
identifier -> 94
is -> -1
constant -> 16
;; -> -1
print -> -1
identifier -> 177
: -> -1
identifier -> 52
, -> -1
identifier -> 94
;; -> -1
